This is XeTeX, Version 3.141592653-2.6-0.999993 (MiKTeX 21.3) (preloaded format=xelatex 2021.8.25)  30 JUN 2022 07:48
entering extended mode
**./abstract.tex
(abstract.tex
LaTeX2e <2020-10-01> patch level 4
L3 programming layer <2021-05-11>

! LaTeX Error: Missing \begin{document}.

See the LaTeX manual or LaTeX Companion for explanation.
Type  H <return>  for immediate help.
 ...                                              
                                                  
l.1 .
     ..
? 
Missing character: There is no . in font nullfont!
Missing character: There is no . in font nullfont!
Missing character: There is no . in font nullfont!
)
*

Overfull \hbox (20.0pt too wide) in paragraph at lines 1--0
[] 
 []

(Please type a command or say `\end')
*
(Please type a command or say `\end')
*
(Please type a command or say `\end')
*
(Please type a command or say `\end')
*
(Please type a command or say `\end')
*
(Please type a command or say `\end')
*
(Please type a command or say `\end')
*
(Please type a command or say `\end')
*
(Please type a command or say `\end')
*
(Please type a command or say `\end')
*
(Please type a command or say `\end')
*
(Please type a command or say `\end')
*
(Please type a command or say `\end')
*
(Please type a command or say `\end')
*
(Please type a command or say `\end')
*
(Please type a command or say `\end')
*
(Please type a command or say `\end')
*
! Interruption.
<*> 
    
? 
(Please type a command or say `\end')
*
! Interruption.
<*> 
    
? 
(Please type a command or say `\end')
*^^Z
! Interruption.
<*> 
    ^^Z
? 
! Emergency stop.
<*> 
    ^^Z
End of file on the terminal!

 
Here is how much of TeX's memory you used:
 16 strings out of 411568
 309 string characters out of 2834605
 295866 words of memory out of 3000000
 20253 multiletter control sequences out of 15000+600000
 403430 words of font info for 27 fonts, out of 8000000 for 9000
 1348 hyphenation exceptions out of 8191
 11i,0n,13p,49b,14s stack positions out of 5000i,500n,10000p,200000b,80000s
No pages of output.
