\BOOKMARK [1][-]{section.1}{Introduction}{}% 1
\BOOKMARK [2][-]{subsection.1.1}{Objective/Goal}{section.1}% 2
\BOOKMARK [2][-]{subsection.1.2}{Outline}{section.1}% 3
\BOOKMARK [1][-]{section.2}{Method}{}% 4
\BOOKMARK [2][-]{subsection.2.1}{Overview}{section.2}% 5
\BOOKMARK [3][-]{subsubsection.2.1.1}{VMM}{subsection.2.1}% 6
\BOOKMARK [3][-]{subsubsection.2.1.2}{Inverse\040dynamics}{subsection.2.1}% 7
\BOOKMARK [3][-]{subsubsection.2.1.3}{Regression}{subsection.2.1}% 8
\BOOKMARK [3][-]{subsubsection.2.1.4}{EKF}{subsection.2.1}% 9
\BOOKMARK [3][-]{subsubsection.2.1.5}{RTS}{subsection.2.1}% 10
\BOOKMARK [3][-]{subsubsection.2.1.6}{Step\0401\)}{subsection.2.1}% 11
\BOOKMARK [3][-]{subsubsection.2.1.7}{Step\0402\)}{subsection.2.1}% 12
\BOOKMARK [2][-]{subsection.2.2}{Vessel\040Manoeuvring\040Models}{section.2}% 13
\BOOKMARK [2][-]{subsection.2.3}{Inverse\040dynamics}{section.2}% 14
\BOOKMARK [2][-]{subsection.2.4}{Regression}{section.2}% 15
\BOOKMARK [2][-]{subsection.2.5}{Extended\040Kalman\040Filter}{section.2}% 16
\BOOKMARK [3][-]{subsubsection.2.5.1}{RTS\040smoother}{subsection.2.5}% 17
\BOOKMARK [1][-]{section.3}{Test\040cases}{}% 18
\BOOKMARK [2][-]{subsection.3.1}{Initial\040guessed\040parameters}{section.3}% 19
\BOOKMARK [2][-]{subsection.3.2}{Motion\040regression}{section.3}% 20
\BOOKMARK [2][-]{subsection.3.3}{Iterations}{section.3}% 21
\BOOKMARK [2][-]{subsection.3.4}{Simulations}{section.3}% 22
\BOOKMARK [2][-]{subsection.3.5}{Multicollinearity}{section.3}% 23
\BOOKMARK [1][-]{section.4}{Conclusions}{}% 24
\BOOKMARK [1][-]{section.5}{Bibliography}{}% 25
\BOOKMARK [1][-]{section.6}{Vessel\040Manoeuvring\040Models}{}% 26
\BOOKMARK [2][-]{subsection.6.1}{vmm_abkowitz}{section.6}% 27
\BOOKMARK [2][-]{subsection.6.2}{vmm_linear}{section.6}% 28
\BOOKMARK [2][-]{subsection.6.3}{vmm_martins_simple}{section.6}% 29
