\BOOKMARK [1][-]{section.1}{Introduction}{}% 1
\BOOKMARK [1][-]{section.2}{Vessel\040Manoeuvring\040Models}{}% 2
\BOOKMARK [2][-]{subsection.2.1}{The\040propeller\040model}{section.2}% 3
\BOOKMARK [1][-]{section.3}{Method}{}% 4
\BOOKMARK [2][-]{subsection.3.1}{Overview\040of\040the\040proposed\040procedure}{section.3}% 5
\BOOKMARK [2][-]{subsection.3.2}{Inverse\040dynamics\040and\040regression}{section.3}% 6
\BOOKMARK [2][-]{subsection.3.3}{Extended\040Kalman\040Filter\040\(EKF\)}{section.3}% 7
\BOOKMARK [3][-]{subsubsection.3.3.1}{The\040EKF\040recursive\040algorithm}{subsection.3.3}% 8
\BOOKMARK [3][-]{subsubsection.3.3.2}{The\040Rauch\040Tung\040Striebel\040\(RTS\)\040smoother}{subsection.3.3}% 9
\BOOKMARK [1][-]{section.4}{Presentation\040of\040Case\040Studies}{}% 10
\BOOKMARK [2][-]{subsection.4.1}{The\040wPCC\040test\040scenarios}{section.4}% 11
\BOOKMARK [2][-]{subsection.4.2}{The\040KVLCC2\040test\040scenarios}{section.4}% 12
\BOOKMARK [1][-]{section.5}{Results}{}% 13
\BOOKMARK [2][-]{subsection.5.1}{Inverse\040dynamics}{section.5}% 14
\BOOKMARK [2][-]{subsection.5.2}{Preprocessing}{section.5}% 15
\BOOKMARK [2][-]{subsection.5.3}{The\040wPCC\040tests}{section.5}% 16
\BOOKMARK [2][-]{subsection.5.4}{The\040KVLCC2\040tests}{section.5}% 17
\BOOKMARK [3][-]{subsubsection.5.4.1}{The\040KVLCC2\040propeller\040model}{subsection.5.4}% 18
\BOOKMARK [3][-]{subsubsection.5.4.2}{KVLCC2\040VMM}{subsection.5.4}% 19
\BOOKMARK [2][-]{subsection.5.5}{Discussion}{section.5}% 20
\BOOKMARK [1][-]{section.6}{Conclusions}{}% 21
\BOOKMARK [1][-]{section.7}{Acknowledgements}{}% 22
